<?xml version="1.0" encoding="UTF-8"?>
<!-- Generated by org.testng.reporters.JUnitReportReporter -->
<testsuite hostname="DESKTOP-6K0L90J" failures="0" tests="1" name="Module3.Assign_2" time="3.116" errors="0" timestamp="2024-01-03T13:05:33 IST" skipped="0">
  <testcase classname="Module3.Assign_2" name="Login" time="3.116"/>
</testsuite> <!-- Module3.Assign_2 -->
