<?xml version="1.0" encoding="UTF-8"?>
<!-- Generated by org.testng.reporters.JUnitReportReporter -->
<testsuite hostname="DESKTOP-6K0L90J" failures="0" tests="1" name="Assignments.Module3_Assign_1" time="2.567" errors="0" timestamp="2024-01-03T12:25:27 IST" skipped="0">
  <testcase classname="Assignments.Module3_Assign_1" name="Login" time="2.567"/>
</testsuite> <!-- Assignments.Module3_Assign_1 -->
