<?xml version="1.0" encoding="UTF-8"?>
<!-- Generated by org.testng.reporters.JUnitReportReporter -->
<testsuite hostname="DESKTOP-6K0L90J" failures="0" tests="1" name="Module3.Assign_3" time="17.189" errors="0" timestamp="2024-01-03T16:42:14 IST" skipped="0">
  <testcase classname="Module3.Assign_3" name="LaunchBrowser" time="17.189"/>
</testsuite> <!-- Module3.Assign_3 -->
